This is XeTeX, Version 3.141592653-2.6-0.999998 (TeX Live 2026) (preloaded format=xelatex 2026.3.1)  17 MAR 2026 14:16
entering extended mode
 restricted \write18 enabled.
 %&-line parsing enabled.
**/Users/aroles/Documents/GitHub/biol322/docs/articles/biol322-lab5.tex
(/Users/aroles/Documents/GitHub/biol322/docs/articles/biol322-lab5.tex
LaTeX2e <2025-11-01>
L3 programming layer <2026-01-19>

! LaTeX Error: Missing \begin{document}.

See the LaTeX manual or LaTeX Companion for explanation.
Type  H <return>  for immediate help.
 ...                                              
                                                  
l.1 <
     !DOCTYPE html>
You're in trouble here.  Try typing  <return>  to proceed.
If that doesn't work, type  X <return>  to quit.

 
Here is how much of TeX's memory you used:
 15 strings out of 468168
 568 string characters out of 5432816
 426408 words of memory out of 5000000
 28838 multiletter control sequences out of 15000+600000
 627721 words of font info for 40 fonts, out of 8000000 for 9000
 1348 hyphenation exceptions out of 8191
 15i,0n,18p,120b,14s stack positions out of 10000i,1000n,20000p,200000b,200000s
No pages of output.
